Sender: LSF System <lsfadmin@r13n13>
Subject: Job 8661363: <gsMap> in cluster <sustchpc> Exited

Job <gsMap> was submitted from host <login04> by user <sph-huangj> in cluster <sustchpc> at Sun Apr 13 15:57:43 2025.
Job was executed on host(s) <40*r13n13>, in queue <short>, as user <sph-huangj> in cluster <sustchpc> at Sun Apr 13 15:57:44 2025.
                            <40*r06n02>
                            <20*r06n11>
</work/sph-huangj> was used as the home directory.
</work/sph-huangj/analysis/gsMap> was used as the working directory.
Started at Sun Apr 13 15:57:44 2025.
Terminated at Sun Apr 13 18:01:45 2025.
Results reported at Sun Apr 13 18:01:45 2025.

Your job looked like:

------------------------------------------------------------
# LSBATCH: User input
#!/bin/bash

module load python/anaconda3/2020.7
source activate
conda activate gsMap

dir0=/work/sph-huangj
dat0=$dir0/data/gsMap

gsmap quick_mode --workdir $dat0/jie --homolog_file $dat0/gsMap_resource/homologs/mouse_human_homologs.txt     --sample_name E16.5_E1S1.MOSTA     --gsMap_resource_dir $dat0/gsMap_resource     --hdf5_path $dat0/gsMap_example_data/ST/E16.5_E1S1.MOSTA.h5ad     --annotation annotation     --data_layer count     --sumstats_file $dat0/gsMap_example_data/GWAS/IQ_NG_2018.sumstats.gz     --trait_name IQ

------------------------------------------------------------

Exited with exit code 1.

Resource usage summary:

    CPU time :                                   32095.54 sec.
    Max Memory :                                 46522 MB
    Average Memory :                             17310.17 MB
    Total Requested Memory :                     -
    Delta Memory :                               -
    Max Swap :                                   2949 MB
    Max Processes :                              11
    Max Threads :                                240
    Run time :                                   7440 sec.
    Turnaround time :                            7442 sec.

The output (if any) follows:

                                   ___  ___            
                                   |  \/  |            
                          __ _ ___ | .  . | __ _ _ __  
                         / _` / __|| |\/| |/ _` | '_ \ 
                        | (_| \__ \| |  | | (_| | |_) |
                         \__, |___/\_|  |_/\__,_| .__/ 
                          __/ |                 | |    
                         |___/                  |_|
                                Version: 1.73.0                                 
================================================================================
Using the following arguments for RunAllModeConfig:
{   'annotation': 'annotation',
    'data_layer': 'count',
    'gM_slices': None,
    'gsMap_resource_dir': '/work/sph-huangj/data/gsMap/gsMap_resource',
    'hdf5_path': '/work/sph-huangj/data/gsMap/gsMap_example_data/ST/E16.5_E1S1.MOSTA.h5ad',
    'homolog_file': '/work/sph-huangj/data/gsMap/gsMap_resource/homologs/mouse_human_homologs.txt',
    'latent_representation': None,
    'max_processes': 10,
    'num_neighbour': 21,
    'num_neighbour_spatial': 101,
    'pearson_residuals': False,
    'sample_name': 'E16.5_E1S1.MOSTA',
    'sumstats_config_file': None,
    'sumstats_file': '/work/sph-huangj/data/gsMap/gsMap_example_data/GWAS/IQ_NG_2018.sumstats.gz',
    'trait_name': 'IQ',
    'workdir': '/work/sph-huangj/data/gsMap/jie'}
Reading ld score annotations from /work/sph-huangj/data/gsMap/gsMap_resource/LDSC_resource/weights_hm3_no_hla/weights.[1-22].l2.ldscore.gzip
Reading ld score annotations from /work/sph-huangj/data/gsMap/jie/E16.5_E1S1.MOSTA/generate_ldscore/baseline/baseline.[1-22].l2.ldscore.feather
Reading summary statistics from /work/sph-huangj/data/gsMap/gsMap_example_data/GWAS/IQ_NG_2018.sumstats.gz ...
Read summary statistics for 6287513 SNPs.


PS:

Read file <jie.ERR> for stderr output of this job.

