PLINK v2.00a6LM 64-bit Intel (5 Feb 2024)
Options in effect:
  --chr 20
  --clump /work/sph-huangj/data/gwas/main/clean/bald1234.gz,/work/sph-huangj/data/gwas/main/clean/bald12.gz,/work/sph-huangj/data/gwas/main/clean/bald134.gz,/work/sph-huangj/data/gwas/main/clean/bald13.gz,/work/sph-huangj/data/gwas/main/clean/bald14.gz,/work/sph-huangj/data/gwas/main/clean/bald.gz,/work/sph-huangj/data/gwas/main/clean/stroke.gz,/work/sph-huangj/data/gwas/main/clean/stroke_h.gz,/work/sph-huangj/data/gwas/main/clean/stroke_i.gz
  --clump-bins 5e-08,5e-07
  --clump-id-field SNP
  --clump-kb 1000
  --clump-p-field P
  --clump-p1 5e-08
  --clump-p2 5e-07
  --clump-r2 0.1
  --memory 12000
  --out chr20
  --pfile /work/sph-huangj/data/ukb/gen/imp/chr20
  --threads 40

Hostname: r10n36.hpc.sustc
Working directory: /data/sph-huangj/analysis/clump
Start time: Wed Jun  4 23:32:06 2025

Random number seed: 1749051126
192905 MiB RAM detected, ~164913 available; reserving 12000 MiB for main
workspace.
Using up to 40 threads (change this with --threads).
487162 samples (264224 females, 222938 males; 487162 founders) loaded from
/work/sph-huangj/data/ukb/gen/imp/chr20.psam.
2082495 variants loaded from /work/sph-huangj/data/ukb/gen/imp/chr20.pvar.
Note: No phenotype data present.
Warning: 98658 top variant IDs in --clump files missing from main dataset.  IDs
written to chr20.clumps.missing_id .
--clump: 128 clumps formed from 4532 index candidates.
Results written to chr20.clumps .

End time: Wed Jun  4 23:41:38 2025
