Start time: Wed Jul  9 09:48:26 2025

              |==========================|
              |        REGENIE v4.1      |
              |==========================|

Copyright (c) 2020-2024 Joelle Mbatchou, Andrey Ziyatdinov and Jonathan Marchini.
Distributed under the MIT License.
Using Intel MKL with Eigen.

Log of output saved in file : height.step1.log

Options in effect:
  --bt \
  --bsize 1000 \
  --lowmem \
  --lowmem-prefix tmp_preds \
  --step 1 \
  --strict \
  --pgen /work/sph-huangj/data/ukb/gen/typ/ukb \
  --phenoFile /work/sph-huangj/data/ukb/phe/common/ukb.pheno \
  --phenoColList height \
  --covarFile /work/sph-huangj/data/ukb/phe/common/ukb.pheno \
  --covarColList age,sex,PC1,PC2 \
  --out height.step1

Fitting null model
 * pvar             : [/work/sph-huangj/data/ukb/gen/typ/ukb.pvar] 