Sender: LSF System <lsfadmin@s002>
Subject: Job 9100807: <height> in cluster <sustchpc> Exited

Job <height> was submitted from host <login04> by user <sph-huangj> in cluster <sustchpc> at Wed Jul  9 09:48:25 2025.
Job was executed on host(s) <40*s002>, in queue <smp>, as user <sph-huangj> in cluster <sustchpc> at Wed Jul  9 09:48:25 2025.
</work/sph-huangj> was used as the home directory.
</work/sph-huangj/analysis/gwas> was used as the working directory.
Started at Wed Jul  9 09:48:25 2025.
Terminated at Wed Jul  9 09:48:26 2025.
Results reported at Wed Jul  9 09:48:26 2025.

Your job looked like:

------------------------------------------------------------
# LSBATCH: User input

	module load gcc/11.2.0
	module load intel/2018.4

/work/sph-huangj/apps/regenie/regenie --bt --bsize 1000 --lowmem --lowmem-prefix tmp_preds --step 1 --strict --pgen /work/sph-huangj/data/ukb/gen/typ/ukb --phenoFile /work/sph-huangj/data/ukb/phe/common/ukb.pheno --phenoColList height --covarFile /work/sph-huangj/data/ukb/phe/common/ukb.pheno --covarColList age,sex,PC1,PC2 --out height.step1


------------------------------------------------------------

Exited with exit code 139.

Resource usage summary:

    CPU time :                                   0.27 sec.
    Max Memory :                                 -
    Average Memory :                             -
    Total Requested Memory :                     -
    Delta Memory :                               -
    Max Swap :                                   -
    Max Processes :                              -
    Max Threads :                                -
    Run time :                                   1 sec.
    Turnaround time :                            1 sec.

The output (if any) follows:

Start time: Wed Jul  9 09:48:26 2025

              |==========================|
              |        REGENIE v4.1      |
              |==========================|

Copyright (c) 2020-2024 Joelle Mbatchou, Andrey Ziyatdinov and Jonathan Marchini.
Distributed under the MIT License.
Using Intel MKL with Eigen.

Log of output saved in file : height.step1.log

Options in effect:
  --bt \
  --bsize 1000 \
  --lowmem \
  --lowmem-prefix tmp_preds \
  --step 1 \
  --strict \
  --pgen /work/sph-huangj/data/ukb/gen/typ/ukb \
  --phenoFile /work/sph-huangj/data/ukb/phe/common/ukb.pheno \
  --phenoColList height \
  --covarFile /work/sph-huangj/data/ukb/phe/common/ukb.pheno \
  --covarColList age,sex,PC1,PC2 \
  --out height.step1

Fitting null model
 * pvar             : [/work/sph-huangj/data/ukb/gen/typ/ukb.pvar] 

PS:

Read file <height.ERR> for stderr output of this job.

