Sender: LSF System <lsfadmin@r10n54>
Subject: Job 8876654: <ldsc> in cluster <sustchpc> Done

Job <ldsc> was submitted from host <login04> by user <sph-huangj> in cluster <sustchpc> at Mon May 26 07:01:14 2025.
Job was executed on host(s) <40*r10n54>, in queue <short>, as user <sph-huangj> in cluster <sustchpc> at Mon May 26 07:01:16 2025.
                            <40*r06n07>
                            <20*r01n04>
</work/sph-huangj> was used as the home directory.
</work/sph-huangj/analysis/ldsc> was used as the working directory.
Started at Mon May 26 07:01:16 2025.
Terminated at Mon May 26 07:02:43 2025.
Results reported at Mon May 26 07:02:43 2025.

Your job looked like:

------------------------------------------------------------
# LSBATCH: User input
#!/bin/bash

dir0=/work/sph-huangj
gwasdir=$dir0/data/gwas/main/clean
refdir=$dir0/data/ldref/ldsc
sofdir=$dir0/software/ldsc
source $dir0/scripts/f/phe.f.sh

module load python/anaconda3/2020.7; source activate 
conda activate ldsc # 🏮 采用 python2，而不是 python3


python2 $sofdir/ldsc.py --rg bmi.sumstats.gz,cad.sumstats.gz --out test.rg --ref-ld-chr $refdir/1000G/1000G_Phase3_baselineLD_v2.2_ldscores/baselineLD. --w-ld-chr $refdir/1000G/1000G_Phase3_weights_hm3_no_MHC/weights.hm3_noMHC. --overlap-annot --frqfile-chr $refdir/1000G/1000G_Phase3_frq/1000G.EUR.QC.


------------------------------------------------------------

Successfully completed.

Resource usage summary:

    CPU time :                                   857.02 sec.
    Max Memory :                                 5032 MB
    Average Memory :                             2269.85 MB
    Total Requested Memory :                     -
    Delta Memory :                               -
    Max Swap :                                   335 MB
    Max Processes :                              5
    Max Threads :                                83
    Run time :                                   87 sec.
    Turnaround time :                            89 sec.

The output (if any) follows:

*********************************************************************
* LD Score Regression (LDSC)
* Version 1.0.1
* (C) 2014-2019 Brendan Bulik-Sullivan and Hilary Finucane
* Broad Institute of MIT and Harvard / MIT Department of Mathematics
* GNU General Public License v3
*********************************************************************
Call: 
./ldsc.py \
--ref-ld-chr /work/sph-huangj/data/ldref/ldsc/1000G/1000G_Phase3_baselineLD_v2.2_ldscores/baselineLD. \
--out test.rg \
--overlap-annot  \
--rg bmi.sumstats.gz,cad.sumstats.gz \
--frqfile-chr /work/sph-huangj/data/ldref/ldsc/1000G/1000G_Phase3_frq/1000G.EUR.QC. \
--w-ld-chr /work/sph-huangj/data/ldref/ldsc/1000G/1000G_Phase3_weights_hm3_no_MHC/weights.hm3_noMHC. 

Beginning analysis at Mon May 26 07:01:27 2025
Reading summary statistics from bmi.sumstats.gz ...
Read summary statistics for 1019837 SNPs.
Reading reference panel LD Score from /work/sph-huangj/data/ldref/ldsc/1000G/1000G_Phase3_baselineLD_v2.2_ldscores/baselineLD.[1-22] ... (ldscore_fromlist)
Read reference panel LD Scores for 1190321 SNPs.
Removing partitioned LD Scores with zero variance.
Reading regression weight LD Score from /work/sph-huangj/data/ldref/ldsc/1000G/1000G_Phase3_weights_hm3_no_MHC/weights.hm3_noMHC.[1-22] ... (ldscore_fromlist)
Read regression weight LD Scores for 1187349 SNPs.
After merging with reference panel LD, 1011604 SNPs remain.
After merging with regression SNP LD, 1009221 SNPs remain.
Computing rg for phenotype 2/2
Reading summary statistics from cad.sumstats.gz ...
Read summary statistics for 1217311 SNPs.
After merging with summary statistics, 1009221 SNPs remain.
1008989 SNPs with valid alleles.

Heritability of phenotype 1
---------------------------
Total Observed scale h2: 0.2501 (0.0215)
Categories: baseL2_0 Coding_UCSCL2_0 Coding_UCSC.flanking.500L2_0 Conserved_LindbladTohL2_0 Conserved_LindbladToh.flanking.500L2_0 CTCF_HoffmanL2_0 CTCF_Hoffman.flanking.500L2_0 DGF_ENCODEL2_0 DGF_ENCODE.flanking.500L2_0 DHS_peaks_TrynkaL2_0 DHS_TrynkaL2_0 DHS_Trynka.flanking.500L2_0 Enhancer_AnderssonL2_0 Enhancer_Andersson.flanking.500L2_0 Enhancer_HoffmanL2_0 Enhancer_Hoffman.flanking.500L2_0 FetalDHS_TrynkaL2_0 FetalDHS_Trynka.flanking.500L2_0 H3K27ac_HniszL2_0 H3K27ac_Hnisz.flanking.500L2_0 H3K27ac_PGC2L2_0 H3K27ac_PGC2.flanking.500L2_0 H3K4me1_peaks_TrynkaL2_0 H3K4me1_TrynkaL2_0 H3K4me1_Trynka.flanking.500L2_0 H3K4me3_peaks_TrynkaL2_0 H3K4me3_TrynkaL2_0 H3K4me3_Trynka.flanking.500L2_0 H3K9ac_peaks_TrynkaL2_0 H3K9ac_TrynkaL2_0 H3K9ac_Trynka.flanking.500L2_0 Intron_UCSCL2_0 Intron_UCSC.flanking.500L2_0 PromoterFlanking_HoffmanL2_0 PromoterFlanking_Hoffman.flanking.500L2_0 Promoter_UCSCL2_0 Promoter_UCSC.flanking.500L2_0 Repressed_HoffmanL2_0 Repressed_Hoffman.flanking.500L2_0 SuperEnhancer_HniszL2_0 SuperEnhancer_Hnisz.flanking.500L2_0 TFBS_ENCODEL2_0 TFBS_ENCODE.flanking.500L2_0 Transcr_HoffmanL2_0 Transcr_Hoffman.flanking.500L2_0 TSS_HoffmanL2_0 TSS_Hoffman.flanking.500L2_0 UTR_3_UCSCL2_0 UTR_3_UCSC.flanking.500L2_0 UTR_5_UCSCL2_0 UTR_5_UCSC.flanking.500L2_0 WeakEnhancer_HoffmanL2_0 WeakEnhancer_Hoffman.flanking.500L2_0 GERP.NSL2_0 GERP.RSsup4L2_0 MAFbin1L2_0 MAFbin2L2_0 MAFbin3L2_0 MAFbin4L2_0 MAFbin5L2_0 MAFbin6L2_0 MAFbin7L2_0 MAFbin8L2_0 MAFbin9L2_0 MAFbin10L2_0 MAF_Adj_Predicted_Allele_AgeL2_0 MAF_Adj_LLD_AFRL2_0 Recomb_Rate_10kbL2_0 Nucleotide_Diversity_10kbL2_0 Backgrd_Selection_StatL2_0 CpG_Content_50kbL2_0 MAF_Adj_ASMCL2_0 GTEx_eQTL_MaxCPPL2_0 BLUEPRINT_H3K27acQTL_MaxCPPL2_0 BLUEPRINT_H3K4me1QTL_MaxCPPL2_0 BLUEPRINT_DNA_methylation_MaxCPPL2_0 synonymousL2_0 non_synonymousL2_0 Conserved_Vertebrate_phastCons46wayL2_0 Conserved_Vertebrate_phastCons46way.flanking.500L2_0 Conserved_Mammal_phastCons46wayL2_0 Conserved_Mammal_phastCons46way.flanking.500L2_0 Conserved_Primate_phastCons46wayL2_0 Conserved_Primate_phastCons46way.flanking.500L2_0 BivFlnkL2_0 BivFlnk.flanking.500L2_0 Human_Promoter_VillarL2_0 Human_Promoter_Villar.flanking.500L2_0 Human_Enhancer_VillarL2_0 Human_Enhancer_Villar.flanking.500L2_0 Ancient_Sequence_Age_Human_PromoterL2_0 Ancient_Sequence_Age_Human_Promoter.flanking.500L2_0 Ancient_Sequence_Age_Human_EnhancerL2_0 Ancient_Sequence_Age_Human_Enhancer.flanking.500L2_0 Human_Enhancer_Villar_Species_Enhancer_CountL2_0 Human_Promoter_Villar_ExACL2_0 Human_Promoter_Villar_ExAC.flanking.500L2_0
Observed scale h2: -2.7803e-01  1.3176e-02 -2.7724e-02 -4.9348e-02 -3.4257e-02 -1.0596e-02 -8.5463e-03 -7.6411e-02 -4.7926e-02  4.5855e-02 -6.2961e-02  1.5925e-01  1.7656e-03 -9.4909e-03  1.6522e-02 -6.2901e-03 -3.0478e-02 -3.2253e-03 -3.5731e-02  7.2369e-03  6.0287e-02 -2.1794e-03  2.4017e-02 -6.1176e-03 -1.0824e-02  7.1004e-03 -1.2399e-02  8.8516e-04  2.6101e-02 -2.1649e-02 -9.5667e-03  8.2985e-03  8.4509e-03 -3.3544e-04 -5.9279e-03 -5.3840e-03 -3.8292e-03  6.8608e-02  2.8442e-02 -9.1386e-05  3.6619e-03  2.1698e-02 -2.0404e-02  2.9580e-02 -1.5326e-02 -1.0212e-02  6.2874e-03 -6.3995e-03  2.1823e-04 -1.0744e-04 -2.6105e-03  6.9401e-03  1.4660e-03  1.1131e-01  7.4470e-03  8.4629e-03  1.0924e-02  7.7415e-03  9.9992e-03  2.1619e-02  7.5536e-03  2.1786e-02  2.3199e-02  2.2921e-02  1.7459e-02 -1.2884e-07 -1.0478e-04 -1.1872e-02 -3.5205e-02  1.5607e-02  1.4277e-01  2.2245e-16  1.5244e-02  6.7093e-04  1.1563e-02  1.7151e-02 -7.6289e-03 -2.3120e-03 -1.2955e-02  1.1367e-02  8.1693e-02 -7.0676e-02  2.8285e-02
   5.8132e-02  1.4344e-02 -7.8139e-03 -4.0859e-03 -6.7320e-05 -1.6552e-02  4.5153e-03  1.0315e-03  1.8201e-03  5.8200e-03  2.9941e-03  6.7308e-04  3.2111e-03  5.8803e-04
Observed scale h2 SE: 7.6454e-02 6.4542e-03 8.9140e-03 3.7484e-02 4.7571e-02 8.1760e-03 1.2948e-02 3.3287e-02 3.4577e-02 3.1319e-02 4.1838e-02 8.5179e-02 2.2863e-03 6.1457e-03 9.9935e-03 1.3421e-02 2.0033e-02 1.9814e-02 1.7221e-02 7.0001e-03 4.2819e-02 2.6037e-02 3.9516e-02 4.4029e-02 2.5179e-02 1.0484e-02 1.7728e-02 1.3092e-02 1.6939e-02 2.0393e-02 1.2624e-02 8.4905e-03 5.2568e-03 4.2957e-03 6.5753e-03 7.7774e-03 5.7189e-03 3.2572e-02 3.4416e-02 7.3089e-03 4.2071e-03 1.5595e-02 2.3972e-02 2.1714e-02 3.8213e-02 4.6581e-03 5.4485e-03 3.9893e-03 3.0186e-03 2.1538e-03 3.4407e-03 6.4873e-03 1.0261e-02 3.4802e-02 7.2787e-03 6.0630e-03 3.8840e-03 2.9934e-03 3.0792e-03 6.9988e-03 6.7746e-03 3.9735e-03 4.6815e-03 6.2706e-03 3.3988e-03 1.1584e-07 3.3570e-05 1.3046e-02 2.4032e-02 1.6750e-02 4.5102e-02 4.8013e-16 8.9442e-03 6.5567e-03 5.6567e-03 1.1118e-02 3.5965e-03 2.6449e-03 1.1385e-02 4.3372e-02 4.2477e-02 4.8856e-02 1.3378e-02 4.3556e-02 4.8563e-03 5.0352e-03 3.2857e-03 2.7530e-03 1.2313e-02 1.1959e-02
  3.5695e-03 3.9234e-03 4.1541e-03 3.9621e-03 2.4416e-03 1.5331e-03 1.3466e-03
Proportion of SNPs: 5.5429e-02  7.9037e-04  2.7361e-03  1.3675e-03  1.6935e-02  1.3200e-03  2.6040e-03  7.5030e-03  2.2330e-02  6.0949e-03  9.1869e-03  1.8295e-02  2.3911e-04  8.1529e-04  2.3237e-03  2.6540e-03  4.6384e-03  1.1059e-02  2.1564e-02  1.7413e-03  1.4884e-02  3.6928e-03  9.3602e-03  2.3472e-02  1.0102e-02  2.2930e-03  7.3657e-03  6.7709e-03  2.1166e-03  6.9453e-03  5.7906e-03  2.1476e-02  5.1772e-04  4.5878e-04  1.3795e-03  2.5683e-03  5.8698e-04  2.5498e-02  1.4325e-02  9.2680e-03  1.7590e-04  7.2596e-03  1.1644e-02  1.9134e-02  2.3098e-02  9.8701e-04  9.1633e-04  6.1903e-04  8.4668e-04  3.0265e-04  1.1855e-03  1.1588e-03  3.7591e-03  9.6741e-02  4.5174e-04  5.6735e-03  5.5349e-03  5.5211e-03  5.5814e-03  5.4496e-03  5.5230e-03  5.5281e-03  5.5556e-03  5.6038e-03  5.4576e-03  1.8804e-07  1.5500e-04  8.6049e-02  2.5545e-01  9.8508e-03  5.5716e-04 -1.3018e-15  5.7316e-04  9.1710e-04  7.4122e-04  1.7588e-03  1.7294e-04  1.5051e-04  1.6316e-03  2.0926e-02  1.1884e-03  1.7614e-02  1.0681e-03
   8.6774e-03  7.5102e-04  9.7721e-04  8.4346e-04  1.9893e-04  1.8418e-03  5.4308e-04  2.3117e-04  2.9490e-04  2.8480e-04  5.0034e-04  3.6740e-03  1.3839e-04  3.1986e-05
Proportion of h2g: -1.1117e+00  5.2684e-02 -1.1085e-01 -1.9731e-01 -1.3697e-01 -4.2367e-02 -3.4171e-02 -3.0552e-01 -1.9162e-01  1.8335e-01 -2.5174e-01  6.3675e-01  7.0595e-03 -3.7948e-02  6.6061e-02 -2.5150e-02 -1.2186e-01 -1.2896e-02 -1.4286e-01  2.8936e-02  2.4105e-01 -8.7139e-03  9.6029e-02 -2.4460e-02 -4.3277e-02  2.8390e-02 -4.9575e-02  3.5392e-03  1.0436e-01 -8.6560e-02 -3.8251e-02  3.3181e-02  3.3790e-02 -1.3412e-03 -2.3702e-02 -2.1527e-02 -1.5311e-02  2.7432e-01  1.1372e-01 -3.6539e-04  1.4641e-02  8.6758e-02 -8.1581e-02  1.1827e-01 -6.1277e-02 -4.0830e-02  2.5139e-02 -2.5588e-02  8.7255e-04 -4.2959e-04 -1.0438e-02  2.7749e-02  5.8614e-03  4.4506e-01  2.9776e-02  3.3838e-02  4.3679e-02  3.0953e-02  3.9980e-02  8.6440e-02  3.0202e-02  8.7107e-02  9.2757e-02  9.1647e-02  6.9808e-02 -5.1514e-07 -4.1897e-04 -4.7468e-02 -1.4076e-01  6.2402e-02  5.7086e-01  8.8945e-16  6.0951e-02  2.6826e-03  4.6231e-02  6.8574e-02 -3.0503e-02 -9.2441e-03 -5.1800e-02  4.5451e-02  3.2664e-01 -2.8259e-01  1.1309e-01
   2.3243e-01  5.7351e-02 -3.1243e-02 -1.6337e-02 -2.6917e-04 -6.6183e-02  1.8054e-02  4.1244e-03  7.2775e-03  2.3271e-02  1.1971e-02  2.6912e-03  1.2839e-02  2.3512e-03
Enrichment: -2.0056e+01  6.6658e+01 -4.0514e+01 -1.4429e+02 -8.0879e+00 -3.2096e+01 -1.3122e+01 -4.0720e+01 -8.5815e+00  3.0082e+01 -2.7402e+01  3.4805e+01  2.9525e+01 -4.6545e+01  2.8428e+01 -9.4761e+00 -2.6272e+01 -1.1661e+00 -6.6251e+00  1.6617e+01  1.6195e+01 -2.3597e+00  1.0259e+01 -1.0421e+00 -4.2842e+00  1.2381e+01 -6.7305e+00  5.2271e-01  4.9305e+01 -1.2463e+01 -6.6057e+00  1.5450e+00  6.5266e+01 -2.9234e+00 -1.7182e+01 -8.3818e+00 -2.6084e+01  1.0758e+01  7.9388e+00 -3.9425e-02  8.3240e+01  1.1951e+01 -7.0063e+00  6.1814e+00 -2.6530e+00 -4.1367e+01  2.7435e+01 -4.1335e+01  1.0305e+00 -1.4194e+00 -8.8048e+00  2.3947e+01  1.5593e+00  4.6006e+00  6.5914e+01  5.9641e+00  7.8917e+00  5.6064e+00  7.1631e+00  1.5862e+01  5.4684e+00  1.5757e+01  1.6696e+01  1.6354e+01  1.2791e+01 -2.7396e+00 -2.7029e+00 -5.5164e-01 -5.5102e-01  6.3348e+00  1.0246e+03 -6.8327e-01  1.0634e+02  2.9251e+00  6.2371e+01  3.8989e+01 -1.7638e+02 -6.1418e+01 -3.1748e+01  2.1720e+00  2.7486e+02 -1.6043e+01  1.0589e+02
   2.6786e+01  7.6363e+01 -3.1971e+01 -1.9369e+01 -1.3531e+00 -3.5935e+01  3.3243e+01  1.7841e+01  2.4678e+01  8.1709e+01  2.3926e+01  7.3251e-01  9.2777e+01  7.3506e+01
Coefficients: -4.6641e-08  1.5501e-07 -9.4217e-08 -3.3555e-07 -1.8809e-08 -7.4641e-08 -3.0517e-08 -9.4695e-08 -1.9956e-08  6.9956e-08 -6.3725e-08  8.0939e-08  6.8660e-08 -1.0824e-07  6.6111e-08 -2.2037e-08 -6.1096e-08 -2.7118e-09 -1.5407e-08  3.8644e-08  3.7663e-08 -5.4875e-09  2.3858e-08 -2.4235e-09 -9.9630e-09  2.8793e-08 -1.5652e-08  1.2156e-09  1.1466e-07 -2.8983e-08 -1.5362e-08  3.5930e-09  1.5178e-07 -6.7985e-09 -3.9957e-08 -1.9492e-08 -6.0658e-08  2.5019e-08  1.8462e-08 -9.1685e-11  1.9358e-07  2.7792e-08 -1.6293e-08  1.4375e-08 -6.1695e-09 -9.6201e-08  6.3800e-08 -9.6125e-08  2.3966e-09 -3.3009e-09 -2.0476e-08  5.5689e-08  3.6261e-09  1.0699e-08  1.5328e-07  1.3870e-08  1.8352e-08  1.3038e-08  1.6658e-08  3.6887e-08  1.2717e-08  3.6644e-08  3.8828e-08  3.8032e-08  2.9746e-08 -6.3710e-09 -6.2857e-09 -1.2829e-09 -1.2814e-09  1.4732e-08  2.3827e-06 -1.5890e-09  2.4730e-07  6.8025e-09  1.4505e-07  9.0670e-08 -4.1018e-07 -1.4283e-07 -7.3831e-08  5.0509e-09  6.3921e-07 -3.7309e-08  2.4624e-07
   6.2292e-08  1.7759e-07 -7.4350e-08 -4.5044e-08 -3.1467e-09 -8.3567e-08  7.7308e-08  4.1489e-08  5.7388e-08  1.9002e-07  5.5641e-08  1.7035e-09  2.1576e-07  1.7094e-07
Coefficient SE: 1.2825e-08 7.5931e-08 3.0293e-08 2.5488e-07 2.6119e-08 5.7592e-08 4.6235e-08 4.1253e-08 1.4398e-08 4.7779e-08 4.2345e-08 4.3292e-08 8.8908e-08 7.0091e-08 3.9988e-08 4.7020e-08 4.0159e-08 1.6660e-08 7.4254e-09 3.7379e-08 2.6750e-08 6.5560e-08 3.9255e-08 1.7442e-08 2.3176e-08 4.2514e-08 2.2380e-08 1.7979e-08 7.4412e-08 2.7301e-08 2.0272e-08 3.6761e-09 9.4412e-08 8.7063e-08 4.4321e-08 2.8157e-08 9.0592e-08 1.1878e-08 2.2340e-08 7.3327e-09 2.2240e-07 1.9974e-08 1.9143e-08 1.0552e-08 1.5383e-08 4.3882e-08 5.5288e-08 5.9921e-08 3.3150e-08 6.6172e-08 2.6988e-08 5.2056e-08 2.5381e-08 3.3450e-09 1.4982e-07 9.9366e-09 6.5250e-09 5.0413e-09 5.1297e-09 1.1942e-08 1.1405e-08 6.6835e-09 7.8354e-09 1.0405e-08 5.7907e-09 5.7283e-09 2.0138e-09 1.4098e-09 8.7476e-10 1.5811e-08 7.5270e-07 3.4295e-09 1.4510e-07 6.6477e-08 7.0961e-08 5.8777e-08 1.9337e-07 1.6340e-07 6.4884e-08 1.9272e-08 3.3236e-07 2.5791e-08 1.1647e-07 4.6673e-08 6.0125e-08 4.7911e-08 3.6222e-08 1.2868e-07 6.2165e-08 2.0476e-07
  1.4357e-07 1.2370e-07 1.3563e-07 7.3631e-08 6.1792e-09 1.0301e-07 3.9145e-07
Lambda GC: 2.7872
Mean Chi^2: 3.9557
Intercept: 0.874 (0.1291)
Ratio < 0 (usually indicates GC correction).

Heritability of phenotype 2/2
-----------------------------
Total Observed scale h2: 0.3576 (0.0324)
Categories: baseL2_0 Coding_UCSCL2_0 Coding_UCSC.flanking.500L2_0 Conserved_LindbladTohL2_0 Conserved_LindbladToh.flanking.500L2_0 CTCF_HoffmanL2_0 CTCF_Hoffman.flanking.500L2_0 DGF_ENCODEL2_0 DGF_ENCODE.flanking.500L2_0 DHS_peaks_TrynkaL2_0 DHS_TrynkaL2_0 DHS_Trynka.flanking.500L2_0 Enhancer_AnderssonL2_0 Enhancer_Andersson.flanking.500L2_0 Enhancer_HoffmanL2_0 Enhancer_Hoffman.flanking.500L2_0 FetalDHS_TrynkaL2_0 FetalDHS_Trynka.flanking.500L2_0 H3K27ac_HniszL2_0 H3K27ac_Hnisz.flanking.500L2_0 H3K27ac_PGC2L2_0 H3K27ac_PGC2.flanking.500L2_0 H3K4me1_peaks_TrynkaL2_0 H3K4me1_TrynkaL2_0 H3K4me1_Trynka.flanking.500L2_0 H3K4me3_peaks_TrynkaL2_0 H3K4me3_TrynkaL2_0 H3K4me3_Trynka.flanking.500L2_0 H3K9ac_peaks_TrynkaL2_0 H3K9ac_TrynkaL2_0 H3K9ac_Trynka.flanking.500L2_0 Intron_UCSCL2_0 Intron_UCSC.flanking.500L2_0 PromoterFlanking_HoffmanL2_0 PromoterFlanking_Hoffman.flanking.500L2_0 Promoter_UCSCL2_0 Promoter_UCSC.flanking.500L2_0 Repressed_HoffmanL2_0 Repressed_Hoffman.flanking.500L2_0 SuperEnhancer_HniszL2_0 SuperEnhancer_Hnisz.flanking.500L2_0 TFBS_ENCODEL2_0 TFBS_ENCODE.flanking.500L2_0 Transcr_HoffmanL2_0 Transcr_Hoffman.flanking.500L2_0 TSS_HoffmanL2_0 TSS_Hoffman.flanking.500L2_0 UTR_3_UCSCL2_0 UTR_3_UCSC.flanking.500L2_0 UTR_5_UCSCL2_0 UTR_5_UCSC.flanking.500L2_0 WeakEnhancer_HoffmanL2_0 WeakEnhancer_Hoffman.flanking.500L2_0 GERP.NSL2_0 GERP.RSsup4L2_0 MAFbin1L2_0 MAFbin2L2_0 MAFbin3L2_0 MAFbin4L2_0 MAFbin5L2_0 MAFbin6L2_0 MAFbin7L2_0 MAFbin8L2_0 MAFbin9L2_0 MAFbin10L2_0 MAF_Adj_Predicted_Allele_AgeL2_0 MAF_Adj_LLD_AFRL2_0 Recomb_Rate_10kbL2_0 Nucleotide_Diversity_10kbL2_0 Backgrd_Selection_StatL2_0 CpG_Content_50kbL2_0 MAF_Adj_ASMCL2_0 GTEx_eQTL_MaxCPPL2_0 BLUEPRINT_H3K27acQTL_MaxCPPL2_0 BLUEPRINT_H3K4me1QTL_MaxCPPL2_0 BLUEPRINT_DNA_methylation_MaxCPPL2_0 synonymousL2_0 non_synonymousL2_0 Conserved_Vertebrate_phastCons46wayL2_0 Conserved_Vertebrate_phastCons46way.flanking.500L2_0 Conserved_Mammal_phastCons46wayL2_0 Conserved_Mammal_phastCons46way.flanking.500L2_0 Conserved_Primate_phastCons46wayL2_0 Conserved_Primate_phastCons46way.flanking.500L2_0 BivFlnkL2_0 BivFlnk.flanking.500L2_0 Human_Promoter_VillarL2_0 Human_Promoter_Villar.flanking.500L2_0 Human_Enhancer_VillarL2_0 Human_Enhancer_Villar.flanking.500L2_0 Ancient_Sequence_Age_Human_PromoterL2_0 Ancient_Sequence_Age_Human_Promoter.flanking.500L2_0 Ancient_Sequence_Age_Human_EnhancerL2_0 Ancient_Sequence_Age_Human_Enhancer.flanking.500L2_0 Human_Enhancer_Villar_Species_Enhancer_CountL2_0 Human_Promoter_Villar_ExACL2_0 Human_Promoter_Villar_ExAC.flanking.500L2_0
Observed scale h2: -5.1355e-02 -5.7194e-04 -1.2654e-02  1.8380e-02 -4.0801e-02 -3.8652e-02  3.4778e-02 -5.3148e-02  1.3000e-01 -9.7569e-03  1.0770e-01 -1.5432e-01  1.5491e-03  3.1496e-03 -1.1422e-03  2.6615e-02 -3.7567e-02  2.3782e-02  8.1639e-02  1.6232e-02  7.6019e-03  6.5981e-03  3.3410e-02 -3.4059e-02  2.6436e-03 -3.3014e-02  2.1866e-02  5.7063e-02  2.8744e-02  4.1008e-02  6.1451e-02 -5.1430e-03 -1.0193e-02 -3.2484e-02  9.6127e-03  8.7261e-03 -2.5208e-02 -4.5881e-02  1.7545e-02  2.1861e-03 -6.3005e-03 -2.8226e-02 -8.8792e-02 -3.2516e-02  3.3343e-02 -2.2237e-02 -2.0217e-03  8.1614e-03  3.7731e-02 -9.6829e-03 -1.5191e-02  2.8636e-02 -4.0678e-02 -5.6270e-02  2.0196e-02  2.1823e-02  2.9416e-02  3.4544e-02  3.3048e-02  1.9926e-02  3.1833e-02  3.5167e-02  3.3776e-02  3.8877e-02  4.7466e-02 -1.3036e-07 -2.2743e-04 -5.6650e-02 -5.7299e-02  8.9362e-03 -5.7244e-02 -2.5239e-16  2.5965e-02  2.0060e-02 -2.9140e-03  3.0821e-04  5.2758e-03  2.3079e-03 -1.2223e-02  7.7522e-02 -1.1897e-02  8.0045e-03  1.2614e-02
   2.2521e-02  3.5478e-02 -2.7576e-02  2.1373e-02 -1.3428e-02 -2.3344e-02 -4.8117e-03  5.5233e-03  2.0473e-02  2.9915e-02 -3.6819e-03  1.7167e-02  1.9326e-03  5.1281e-03
Observed scale h2 SE: 3.0107e-01 2.0788e-02 3.3486e-02 2.8864e-02 9.1915e-02 4.3475e-02 5.1459e-02 5.7997e-02 7.8757e-02 1.3154e-01 2.4180e-01 1.2923e-01 7.7148e-03 1.6286e-02 2.6971e-02 2.5049e-02 6.2281e-02 5.3564e-02 4.0011e-02 1.4620e-02 5.4172e-02 2.3362e-02 6.1996e-02 7.4547e-02 4.6143e-02 5.4857e-02 4.7911e-02 3.8677e-02 5.5550e-02 4.1850e-02 3.8421e-02 1.8055e-02 1.9444e-02 1.1843e-02 1.8809e-02 3.9595e-02 1.9724e-02 1.8113e-01 3.9233e-02 1.7492e-02 8.9824e-03 4.3116e-02 6.1319e-02 9.4637e-02 8.4280e-02 1.5820e-02 1.7598e-02 1.3030e-02 3.7775e-02 6.7353e-03 1.1934e-02 1.7206e-02 3.5685e-02 7.8490e-02 1.5316e-02 1.4631e-02 1.1422e-02 8.9407e-03 8.0358e-03 6.4064e-03 8.1497e-03 9.5305e-03 6.9188e-03 1.1727e-02 2.1746e-02 1.2739e-07 1.0833e-04 2.2535e-02 5.0283e-02 2.6370e-02 5.8823e-02 7.1057e-16 1.3689e-02 1.7917e-02 1.6980e-02 2.7518e-02 8.2071e-03 6.2897e-03 2.5432e-02 1.3407e-01 4.5886e-02 1.1485e-01 2.1045e-02 4.1254e-02 1.9853e-02 2.1395e-02 1.5018e-02 8.3824e-03 1.8242e-02 1.2171e-02
  1.0020e-02 1.4834e-02 1.3954e-02 1.4798e-02 1.1604e-02 3.8017e-03 3.1862e-03
Proportion of SNPs: 5.5429e-02  7.9037e-04  2.7361e-03  1.3675e-03  1.6935e-02  1.3200e-03  2.6040e-03  7.5030e-03  2.2330e-02  6.0949e-03  9.1869e-03  1.8295e-02  2.3911e-04  8.1529e-04  2.3237e-03  2.6540e-03  4.6384e-03  1.1059e-02  2.1564e-02  1.7413e-03  1.4884e-02  3.6928e-03  9.3602e-03  2.3472e-02  1.0102e-02  2.2930e-03  7.3657e-03  6.7709e-03  2.1166e-03  6.9453e-03  5.7906e-03  2.1476e-02  5.1772e-04  4.5878e-04  1.3795e-03  2.5683e-03  5.8698e-04  2.5498e-02  1.4325e-02  9.2680e-03  1.7590e-04  7.2596e-03  1.1644e-02  1.9134e-02  2.3098e-02  9.8701e-04  9.1633e-04  6.1903e-04  8.4668e-04  3.0265e-04  1.1855e-03  1.1588e-03  3.7591e-03  9.6741e-02  4.5174e-04  5.6735e-03  5.5349e-03  5.5211e-03  5.5814e-03  5.4496e-03  5.5230e-03  5.5281e-03  5.5556e-03  5.6038e-03  5.4576e-03  1.8804e-07  1.5500e-04  8.6049e-02  2.5545e-01  9.8508e-03  5.5716e-04 -1.3018e-15  5.7316e-04  9.1710e-04  7.4122e-04  1.7588e-03  1.7294e-04  1.5051e-04  1.6316e-03  2.0926e-02  1.1884e-03  1.7614e-02  1.0681e-03
   8.6774e-03  7.5102e-04  9.7721e-04  8.4346e-04  1.9893e-04  1.8418e-03  5.4308e-04  2.3117e-04  2.9490e-04  2.8480e-04  5.0034e-04  3.6740e-03  1.3839e-04  3.1986e-05
Proportion of h2g: -1.4362e-01 -1.5995e-03 -3.5389e-02  5.1403e-02 -1.1411e-01 -1.0809e-01  9.7261e-02 -1.4863e-01  3.6357e-01 -2.7286e-02  3.0120e-01 -4.3157e-01  4.3322e-03  8.8083e-03 -3.1942e-03  7.4433e-02 -1.0506e-01  6.6509e-02  2.2831e-01  4.5395e-02  2.1260e-02  1.8452e-02  9.3436e-02 -9.5250e-02  7.3931e-03 -9.2328e-02  6.1152e-02  1.5958e-01  8.0387e-02  1.1469e-01  1.7186e-01 -1.4383e-02 -2.8507e-02 -9.0846e-02  2.6883e-02  2.4404e-02 -7.0499e-02 -1.2831e-01  4.9066e-02  6.1136e-03 -1.7620e-02 -7.8937e-02 -2.4832e-01 -9.0935e-02  9.3249e-02 -6.2188e-02 -5.6539e-03  2.2824e-02  1.0552e-01 -2.7079e-02 -4.2483e-02  8.0084e-02 -1.1376e-01 -1.5737e-01  5.6481e-02  6.1030e-02  8.2265e-02  9.6607e-02  9.2424e-02  5.5724e-02  8.9025e-02  9.8349e-02  9.4459e-02  1.0873e-01  1.3274e-01 -3.6456e-07 -6.3604e-04 -1.5843e-01 -1.6024e-01  2.4991e-02 -1.6009e-01 -7.0584e-16  7.2615e-02  5.6101e-02 -8.1494e-03  8.6196e-04  1.4754e-02  6.4544e-03 -3.4182e-02  2.1680e-01 -3.3271e-02  2.2386e-02  3.5276e-02
   6.2982e-02  9.9219e-02 -7.7121e-02  5.9773e-02 -3.7553e-02 -6.5285e-02 -1.3457e-02  1.5447e-02  5.7255e-02  8.3662e-02 -1.0297e-02  4.8010e-02  5.4048e-03  1.4341e-02
Enrichment: -2.5911   -2.0237  -12.9339   37.5905   -6.7378  -81.8885   37.3504  -19.8101   16.2816   -4.4769   32.7856  -23.5896   18.1185   10.8038   -1.3746   28.0451  -22.6503    6.014    10.5876   26.0696    1.4284    4.9968    9.9822   -4.0581    0.7319  -40.2653    8.3022   23.5694   37.9789   16.5126   29.6782   -0.6697  -55.0631 -198.0164   19.488     9.5019 -120.1033   -5.0322    3.4252    0.6596 -100.1733  -10.8735  -21.326    -4.7527    4.0371  -63.0063   -6.1702   36.8708  124.6269  -89.4745  -35.8367   69.1108  -30.263    -1.6267  125.0308   10.757    14.8631   17.4979   16.5592   10.2254   16.1189   17.7908   17.0026   19.4019   24.3225   -1.9388   -4.1033   -1.8412   -0.6273    2.537  -287.3313    0.5422  126.6942   61.1726  -10.9946    0.4901   85.3151   42.8829  -20.9501   10.3603  -27.9973    1.2709   33.0286    7.2581  132.1123  -78.9195   70.8665 -188.7779  -35.4475  -24.7783   66.8181  194.1477  293.7596  -20.5799   13.0677   39.0561  448.3585
Coefficients: -8.6150e-09 -6.7286e-09 -4.3003e-08  1.2498e-07 -2.2402e-08 -2.7227e-07  1.2418e-07 -6.5865e-08  5.4133e-08 -1.4885e-08  1.0901e-07 -7.8431e-08  6.0241e-08  3.5921e-08 -4.5703e-09  9.3245e-08 -7.5309e-08  1.9996e-08  3.5202e-08  8.6677e-08  4.7491e-09  1.6613e-08  3.3189e-08 -1.3493e-08  2.4334e-09 -1.3388e-07  2.7603e-08  7.8364e-08  1.2627e-07  5.4901e-08  9.8675e-08 -2.2267e-09 -1.8308e-07 -6.5837e-07  6.4794e-08  3.1592e-08 -3.9932e-07 -1.6731e-08  1.1388e-08  2.1932e-09 -3.3306e-07 -3.6153e-08 -7.0905e-08 -1.5802e-08  1.3423e-08 -2.0949e-07 -2.0515e-08  1.2259e-07  4.1436e-07 -2.9749e-07 -1.1915e-07  2.2978e-07 -1.0062e-07 -5.4084e-09  4.1571e-07  3.5765e-08  4.9417e-08  5.8178e-08  5.5056e-08  3.3998e-08  5.3592e-08  5.9151e-08  5.6531e-08  6.4508e-08  8.0868e-08 -6.4461e-09 -1.3643e-08 -6.1216e-09 -2.0856e-09  8.4350e-09 -9.5533e-07  1.8028e-09  4.2124e-07  2.0339e-07 -3.6555e-08  1.6294e-09  2.8366e-07  1.4258e-07 -6.9656e-08  3.4446e-08 -9.3086e-08  4.2255e-09  1.0981e-07
   2.4132e-08  4.3925e-07 -2.6239e-07  2.3562e-07 -6.2765e-07 -1.1786e-07 -8.2384e-08  2.2216e-07  6.4551e-07  9.7670e-07 -6.8425e-08  4.3448e-08  1.2986e-07  1.4907e-06
Coefficient SE: 5.0506e-08 2.4457e-07 1.1380e-07 1.9627e-07 5.0466e-08 3.0624e-07 1.8375e-07 7.1875e-08 3.2795e-08 2.0067e-07 2.4473e-07 6.5682e-08 3.0001e-07 1.8573e-07 1.0792e-07 8.7758e-08 1.2485e-07 4.5036e-08 1.7252e-08 7.8066e-08 3.3843e-08 5.8824e-08 6.1586e-08 2.9532e-08 4.2473e-08 2.2245e-07 6.0482e-08 5.3114e-08 2.4403e-07 5.6029e-08 6.1694e-08 7.8173e-09 3.4922e-07 2.4003e-07 1.2678e-07 1.4335e-07 3.1244e-07 6.6050e-08 2.5466e-08 1.7549e-08 4.7483e-07 5.5224e-08 4.8967e-08 4.5991e-08 3.3928e-08 1.4903e-07 1.7857e-07 1.9571e-07 4.1484e-07 2.0693e-07 9.3603e-08 1.3807e-07 8.8269e-08 7.5442e-09 3.1526e-07 2.3978e-08 1.9189e-08 1.5058e-08 1.3387e-08 1.0931e-08 1.3721e-08 1.6030e-08 1.1580e-08 1.9458e-08 3.7048e-08 6.2991e-09 6.4987e-09 2.4351e-09 1.8303e-09 2.4891e-08 9.8167e-07 5.0755e-09 2.2207e-07 1.8166e-07 2.1300e-07 1.4548e-07 4.4127e-07 3.8857e-07 1.4494e-07 5.9573e-08 3.5903e-07 6.0629e-08 1.8322e-07 4.4206e-08 2.4580e-07 2.0358e-07 1.6556e-07 3.9181e-07 9.2095e-08 2.0839e-07
  4.0304e-07 4.6772e-07 4.5557e-07 2.7500e-07 2.9368e-08 2.5544e-07 9.2623e-07
Lambda GC: 1.3615
Mean Chi^2: 1.6178
Intercept: 0.9977 (0.0232)
Ratio < 0 (usually indicates GC correction).

Genetic Covariance
------------------
Total Observed scale gencov: 0.0838 (0.0053)
Categories: baseL2_0 Coding_UCSCL2_0 Coding_UCSC.flanking.500L2_0 Conserved_LindbladTohL2_0 Conserved_LindbladToh.flanking.500L2_0 CTCF_HoffmanL2_0 CTCF_Hoffman.flanking.500L2_0 DGF_ENCODEL2_0 DGF_ENCODE.flanking.500L2_0 DHS_peaks_TrynkaL2_0 DHS_TrynkaL2_0 DHS_Trynka.flanking.500L2_0 Enhancer_AnderssonL2_0 Enhancer_Andersson.flanking.500L2_0 Enhancer_HoffmanL2_0 Enhancer_Hoffman.flanking.500L2_0 FetalDHS_TrynkaL2_0 FetalDHS_Trynka.flanking.500L2_0 H3K27ac_HniszL2_0 H3K27ac_Hnisz.flanking.500L2_0 H3K27ac_PGC2L2_0 H3K27ac_PGC2.flanking.500L2_0 H3K4me1_peaks_TrynkaL2_0 H3K4me1_TrynkaL2_0 H3K4me1_Trynka.flanking.500L2_0 H3K4me3_peaks_TrynkaL2_0 H3K4me3_TrynkaL2_0 H3K4me3_Trynka.flanking.500L2_0 H3K9ac_peaks_TrynkaL2_0 H3K9ac_TrynkaL2_0 H3K9ac_Trynka.flanking.500L2_0 Intron_UCSCL2_0 Intron_UCSC.flanking.500L2_0 PromoterFlanking_HoffmanL2_0 PromoterFlanking_Hoffman.flanking.500L2_0 Promoter_UCSCL2_0 Promoter_UCSC.flanking.500L2_0 Repressed_HoffmanL2_0 Repressed_Hoffman.flanking.500L2_0 SuperEnhancer_HniszL2_0 SuperEnhancer_Hnisz.flanking.500L2_0 TFBS_ENCODEL2_0 TFBS_ENCODE.flanking.500L2_0 Transcr_HoffmanL2_0 Transcr_Hoffman.flanking.500L2_0 TSS_HoffmanL2_0 TSS_Hoffman.flanking.500L2_0 UTR_3_UCSCL2_0 UTR_3_UCSC.flanking.500L2_0 UTR_5_UCSCL2_0 UTR_5_UCSC.flanking.500L2_0 WeakEnhancer_HoffmanL2_0 WeakEnhancer_Hoffman.flanking.500L2_0 GERP.NSL2_0 GERP.RSsup4L2_0 MAFbin1L2_0 MAFbin2L2_0 MAFbin3L2_0 MAFbin4L2_0 MAFbin5L2_0 MAFbin6L2_0 MAFbin7L2_0 MAFbin8L2_0 MAFbin9L2_0 MAFbin10L2_0 MAF_Adj_Predicted_Allele_AgeL2_0 MAF_Adj_LLD_AFRL2_0 Recomb_Rate_10kbL2_0 Nucleotide_Diversity_10kbL2_0 Backgrd_Selection_StatL2_0 CpG_Content_50kbL2_0 MAF_Adj_ASMCL2_0 GTEx_eQTL_MaxCPPL2_0 BLUEPRINT_H3K27acQTL_MaxCPPL2_0 BLUEPRINT_H3K4me1QTL_MaxCPPL2_0 BLUEPRINT_DNA_methylation_MaxCPPL2_0 synonymousL2_0 non_synonymousL2_0 Conserved_Vertebrate_phastCons46wayL2_0 Conserved_Vertebrate_phastCons46way.flanking.500L2_0 Conserved_Mammal_phastCons46wayL2_0 Conserved_Mammal_phastCons46way.flanking.500L2_0 Conserved_Primate_phastCons46wayL2_0 Conserved_Primate_phastCons46way.flanking.500L2_0 BivFlnkL2_0 BivFlnk.flanking.500L2_0 Human_Promoter_VillarL2_0 Human_Promoter_Villar.flanking.500L2_0 Human_Enhancer_VillarL2_0 Human_Enhancer_Villar.flanking.500L2_0 Ancient_Sequence_Age_Human_PromoterL2_0 Ancient_Sequence_Age_Human_Promoter.flanking.500L2_0 Ancient_Sequence_Age_Human_EnhancerL2_0 Ancient_Sequence_Age_Human_Enhancer.flanking.500L2_0 Human_Enhancer_Villar_Species_Enhancer_CountL2_0 Human_Promoter_Villar_ExACL2_0 Human_Promoter_Villar_ExAC.flanking.500L2_0
Observed scale gencov: -9.4466e-02  5.7991e-03 -5.4095e-03 -9.6137e-03  1.5512e-02 -3.6907e-03  7.8743e-03 -2.1672e-03 -2.9094e-02  2.1373e-02 -4.4360e-02  1.1508e-02  8.3395e-04 -3.8031e-03  1.9771e-03 -2.6435e-03  6.2673e-04 -1.6592e-04 -2.0449e-02  4.5297e-04  9.9561e-03 -7.9135e-03  2.3092e-02 -4.8190e-03  1.9202e-02 -9.0179e-03  1.8355e-02 -7.9248e-03  1.6853e-02 -2.7088e-02  1.9529e-04 -6.2953e-04 -2.4075e-03 -2.8723e-03  4.7601e-03  1.1968e-03  1.2556e-03  5.8378e-02  1.2761e-02  2.1947e-03  9.3380e-04  1.5483e-02 -1.8442e-02  2.9213e-02 -2.9486e-02 -3.7808e-03 -3.9783e-04  5.3063e-04 -1.5704e-03 -1.4348e-03  2.4244e-03  1.0214e-03  1.8304e-02  4.1505e-02  1.1736e-03  4.7451e-03  1.3969e-03  5.3363e-03 -6.9335e-05  6.1257e-03  8.8674e-03  6.6866e-03  6.1931e-03  9.6264e-03  5.1033e-03 -4.7235e-08 -5.0231e-06 -1.6997e-03 -2.2854e-02  7.8509e-03  3.6955e-02  2.2592e-16  2.6633e-03  2.3957e-04  1.6704e-03  1.6535e-02 -8.1217e-03 -6.4492e-04 -1.5724e-02  3.4323e-03  2.2170e-02 -4.8162e-02  1.9020e-02
   1.3726e-02  2.8206e-03 -2.6369e-03  3.6657e-04 -3.1262e-03 -3.6080e-03  2.9702e-03 -7.5248e-04 -8.7183e-04 -1.9016e-03  9.8546e-04 -3.4030e-03  4.6473e-04  3.1678e-04
Observed scale gencov SE: 5.1625e-02 4.7133e-03 3.9606e-03 7.5846e-03 1.5861e-02 3.4762e-03 5.1089e-03 1.1005e-02 1.6165e-02 1.6373e-02 2.0486e-02 2.0663e-02 1.6774e-03 3.0639e-03 4.7874e-03 4.9750e-03 1.0610e-02 1.1870e-02 1.0092e-02 3.6763e-03 1.0736e-02 6.2773e-03 1.4068e-02 2.2994e-02 1.0957e-02 7.2539e-03 1.0092e-02 8.5711e-03 8.2072e-03 9.3916e-03 8.1141e-03 4.3514e-03 4.2349e-03 2.6828e-03 4.7355e-03 4.2612e-03 2.6226e-03 1.9621e-02 1.0990e-02 3.6318e-03 1.4364e-03 1.0214e-02 1.3150e-02 1.3601e-02 1.5340e-02 3.6614e-03 3.8538e-03 2.8323e-03 2.5331e-03 2.2457e-03 3.1411e-03 3.6797e-03 6.0921e-03 2.1083e-02 3.1715e-03 1.9498e-03 2.0293e-03 2.0847e-03 2.2689e-03 2.3281e-03 2.8951e-03 3.1897e-03 3.4174e-03 3.0461e-03 3.2133e-03 4.0057e-08 2.2269e-05 5.5569e-03 1.7771e-02 6.9464e-03 1.8494e-02 1.9808e-16 2.7263e-03 3.3966e-03 3.2673e-03 5.5027e-03 2.5730e-03 1.6201e-03 7.1458e-03 3.0733e-02 8.7265e-03 2.7549e-02 5.6864e-03 1.2286e-02 3.8353e-03 3.2052e-03 3.4892e-03 1.9451e-03 4.6268e-03 2.6704e-03
  2.0356e-03 2.6185e-03 2.0377e-03 2.8094e-03 2.0831e-03 1.1342e-03 1.3959e-03
Proportion of SNPs: 5.5429e-02  7.9037e-04  2.7361e-03  1.3675e-03  1.6935e-02  1.3200e-03  2.6040e-03  7.5030e-03  2.2330e-02  6.0949e-03  9.1869e-03  1.8295e-02  2.3911e-04  8.1529e-04  2.3237e-03  2.6540e-03  4.6384e-03  1.1059e-02  2.1564e-02  1.7413e-03  1.4884e-02  3.6928e-03  9.3602e-03  2.3472e-02  1.0102e-02  2.2930e-03  7.3657e-03  6.7709e-03  2.1166e-03  6.9453e-03  5.7906e-03  2.1476e-02  5.1772e-04  4.5878e-04  1.3795e-03  2.5683e-03  5.8698e-04  2.5498e-02  1.4325e-02  9.2680e-03  1.7590e-04  7.2596e-03  1.1644e-02  1.9134e-02  2.3098e-02  9.8701e-04  9.1633e-04  6.1903e-04  8.4668e-04  3.0265e-04  1.1855e-03  1.1588e-03  3.7591e-03  9.6741e-02  4.5174e-04  5.6735e-03  5.5349e-03  5.5211e-03  5.5814e-03  5.4496e-03  5.5230e-03  5.5281e-03  5.5556e-03  5.6038e-03  5.4576e-03  1.8804e-07  1.5500e-04  8.6049e-02  2.5545e-01  9.8508e-03  5.5716e-04 -1.3018e-15  5.7316e-04  9.1710e-04  7.4122e-04  1.7588e-03  1.7294e-04  1.5051e-04  1.6316e-03  2.0926e-02  1.1884e-03  1.7614e-02  1.0681e-03
   8.6774e-03  7.5102e-04  9.7721e-04  8.4346e-04  1.9893e-04  1.8418e-03  5.4308e-04  2.3117e-04  2.9490e-04  2.8480e-04  5.0034e-04  3.6740e-03  1.3839e-04  3.1986e-05
Proportion of gencov: -1.1275e+00  6.9213e-02 -6.4563e-02 -1.1474e-01  1.8514e-01 -4.4049e-02  9.3980e-02 -2.5865e-02 -3.4724e-01  2.5509e-01 -5.2944e-01  1.3735e-01  9.9532e-03 -4.5391e-02  2.3597e-02 -3.1550e-02  7.4801e-03 -1.9803e-03 -2.4407e-01  5.4063e-03  1.1883e-01 -9.4449e-02  2.7561e-01 -5.7515e-02  2.2918e-01 -1.0763e-01  2.1907e-01 -9.4583e-02  2.0115e-01 -3.2330e-01  2.3309e-03 -7.5135e-03 -2.8734e-02 -3.4282e-02  5.6812e-02  1.4283e-02  1.4986e-02  6.9675e-01  1.5230e-01  2.6195e-02  1.1145e-02  1.8479e-01 -2.2011e-01  3.4866e-01 -3.5191e-01 -4.5124e-02 -4.7482e-03  6.3332e-03 -1.8742e-02 -1.7124e-02  2.8935e-02  1.2191e-02  2.1846e-01  4.9537e-01  1.4008e-02  5.6634e-02  1.6672e-02  6.3689e-02 -8.2752e-04  7.3111e-02  1.0583e-01  7.9805e-02  7.3915e-02  1.1489e-01  6.0908e-02 -5.6376e-07 -5.9952e-05 -2.0286e-02 -2.7276e-01  9.3702e-02  4.4106e-01  2.6964e-15  3.1787e-02  2.8593e-03  1.9937e-02  1.9734e-01 -9.6933e-02 -7.6971e-03 -1.8767e-01  4.0964e-02  2.6460e-01 -5.7482e-01  2.2701e-01
   1.6382e-01  3.3665e-02 -3.1472e-02  4.3751e-03 -3.7311e-02 -4.3062e-02  3.5450e-02 -8.9810e-03 -1.0405e-02 -2.2696e-02  1.1762e-02 -4.0616e-02  5.5466e-03  3.7808e-03
Enrichment: -2.0341e+01  8.7571e+01 -2.3597e+01 -8.3908e+01  1.0932e+01 -3.3370e+01  3.6090e+01 -3.4473e+00 -1.5551e+01  4.1853e+01 -5.7630e+01  7.5076e+00  4.1627e+01 -5.5674e+01  1.0155e+01 -1.1888e+01  1.6126e+00 -1.7907e-01 -1.1318e+01  3.1047e+00  7.9837e+00 -2.5576e+01  2.9444e+01 -2.4504e+00  2.2688e+01 -4.6938e+01  2.9742e+01 -1.3969e+01  9.5032e+01 -4.6549e+01  4.0252e-01 -3.4986e-01 -5.5501e+01 -7.4724e+01  4.1184e+01  5.5614e+00  2.5530e+01  2.7325e+01  1.0632e+01  2.8263e+00  6.3362e+01  2.5455e+01 -1.8904e+01  1.8223e+01 -1.5236e+01 -4.5718e+01 -5.1818e+00  1.0231e+01 -2.2136e+01 -5.6581e+01  2.4408e+01  1.0520e+01  5.8115e+01  5.1206e+00  3.1008e+01  9.9821e+00  3.0123e+00  1.1536e+01 -1.4826e-01  1.3416e+01  1.9162e+01  1.4436e+01  1.3305e+01  2.0502e+01  1.1160e+01 -2.9981e+00 -3.8677e-01 -2.3575e-01 -1.0678e+00  9.5121e+00  7.9161e+02 -2.0713e+00  5.5460e+01  3.1178e+00  2.6897e+01  1.1220e+02 -5.6051e+02 -5.1140e+01 -1.1502e+02  1.9576e+00  2.2266e+02 -3.2634e+01  2.1254e+02
   1.8879e+01  4.4825e+01 -3.2206e+01  5.1871e+00 -1.8756e+02 -2.3381e+01  6.5276e+01 -3.8849e+01 -3.5284e+01 -7.9692e+01  2.3507e+01 -1.1055e+01  4.0080e+01  1.1820e+02
Mean z1*z2: 0.4554
Intercept: 0.0503 (0.0112)

Genetic Correlation
-------------------
Genetic Correlation: 0.2802 (0.02)
Z-score: 13.9749
P: 2.2172e-44


Summary of Genetic Correlation Results
p1               p2      rg    se        z           p  h2_obs  h2_obs_se  h2_int  h2_int_se  gcov_int  gcov_int_se
bmi.sumstats.gz  cad.sumstats.gz  0.2802  0.02  13.9749  2.2172e-44  0.3576     0.0324  0.9977     0.0232    0.0503       0.0112

Analysis finished at Mon May 26 07:02:43 2025
Total time elapsed: 1.0m:15.2s


PS:

Read file <jie.ERR> for stderr output of this job.

